{"/Users/johnromulo/Documents/Workspace/mobile/appdin/src/pages/SignUp/index.tsx": {"path":"/Users/johnromulo/Documents/Workspace/mobile/appdin/src/pages/SignUp/index.tsx","statementMap":{"0":{"start":{"line":5,"column":25},"end":{"line":7,"column":1}},"1":{"start":{"line":6,"column":2},"end":{"line":6,"column":23}}},"fnMap":{"0":{"name":"(anonymous_0)","decl":{"start":{"line":5,"column":25},"end":{"line":5,"column":26}},"loc":{"start":{"line":5,"column":31},"end":{"line":7,"column":1}},"line":5}},"branchMap":{},"s":{"0":1,"1":1},"f":{"0":1},"b":{},"_coverageSchema":"1a1c01bbd47fc00a2c39e90264f33305004495a9","hash":"d00204e2c7d0aa51a9c446d72708d078731f7b8b"}
,"/Users/johnromulo/Documents/Workspace/mobile/appdin/src/pages/SignUp/styles.ts": {"path":"/Users/johnromulo/Documents/Workspace/mobile/appdin/src/pages/SignUp/styles.ts","statementMap":{"0":{"start":{"line":3,"column":25},"end":{"line":3,"column":38}}},"fnMap":{},"branchMap":{},"s":{"0":1},"f":{},"b":{},"_coverageSchema":"1a1c01bbd47fc00a2c39e90264f33305004495a9","hash":"a783fed1dd6084518b5a1e3351e03db22edf51a2"}
,"/Users/johnromulo/Documents/Workspace/mobile/appdin/src/styles/themes/dark.ts": {"path":"/Users/johnromulo/Documents/Workspace/mobile/appdin/src/styles/themes/dark.ts","statementMap":{},"fnMap":{},"branchMap":{},"s":{},"f":{},"b":{},"_coverageSchema":"1a1c01bbd47fc00a2c39e90264f33305004495a9","hash":"06cc3141c0c41516b808e32cc8f1898b6f5939fe"}
}
